<?xml version="1.0" encoding="UTF-8"?>
<testsuite name="com.kangbada.practice.springboot.domain.posts.PostsRepositoryTest" tests="2" skipped="0" failures="0" errors="0" timestamp="2020-12-23T13:12:30" hostname="KangBadas-MacBook-Pro-15.local" time="0.033">
  <properties/>
  <testcase name="게시글저장_불러오기" classname="com.kangbada.practice.springboot.domain.posts.PostsRepositoryTest" time="0.022"/>
  <testcase name="BaseTimeEntity_등록" classname="com.kangbada.practice.springboot.domain.posts.PostsRepositoryTest" time="0.011"/>
  <system-out><![CDATA[2020-12-23 22:12:29.367  INFO 10825 --- [    Test worker] .b.t.c.SpringBootTestContextBootstrapper : Neither @ContextConfiguration nor @ContextHierarchy found for test class [com.kangbada.practice.springboot.domain.posts.PostsRepositoryTest], using SpringBootContextLoader
2020-12-23 22:12:29.368  INFO 10825 --- [    Test worker] o.s.t.c.support.AbstractContextLoader    : Could not detect default resource locations for test class [com.kangbada.practice.springboot.domain.posts.PostsRepositoryTest]: no resource found for suffixes {-context.xml, Context.groovy}.
2020-12-23 22:12:29.368  INFO 10825 --- [    Test worker] t.c.s.AnnotationConfigContextLoaderUtils : Could not detect default configuration classes for test class [com.kangbada.practice.springboot.domain.posts.PostsRepositoryTest]: PostsRepositoryTest does not declare any static, non-private, non-final, nested classes annotated with @Configuration.
2020-12-23 22:12:29.375  INFO 10825 --- [    Test worker] .b.t.c.SpringBootTestContextBootstrapper : Found @SpringBootConfiguration com.kangbada.practice.springboot.Application for test class com.kangbada.practice.springboot.domain.posts.PostsRepositoryTest
2020-12-23 22:12:29.377  INFO 10825 --- [    Test worker] .b.t.c.SpringBootTestContextBootstrapper : Loaded default TestExecutionListener class names from location [META-INF/spring.factories]: [org.springframework.security.test.context.support.WithSecurityContextTestExecutionListener, org.springframework.security.test.context.support.ReactorContextTestExecutionListener, org.springframework.boot.test.autoconfigure.restdocs.RestDocsTestExecutionListener, org.springframework.boot.test.autoconfigure.web.client.MockRestServiceServerResetTestExecutionListener, org.springframework.boot.test.autoconfigure.web.servlet.MockMvcPrintOnlyOnFailureTestExecutionListener, org.springframework.boot.test.autoconfigure.web.servlet.WebDriverTestExecutionListener, org.springframework.boot.test.mock.mockito.MockitoTestExecutionListener, org.springframework.boot.test.mock.mockito.ResetMocksTestExecutionListener, org.springframework.test.context.web.ServletTestExecutionListener, org.springframework.test.context.support.DirtiesContextBeforeModesTestExecutionListener, org.springframework.test.context.support.DependencyInjectionTestExecutionListener, org.springframework.test.context.support.DirtiesContextTestExecutionListener, org.springframework.test.context.transaction.TransactionalTestExecutionListener, org.springframework.test.context.jdbc.SqlScriptsTestExecutionListener]
2020-12-23 22:12:29.377  INFO 10825 --- [    Test worker] .b.t.c.SpringBootTestContextBootstrapper : Using TestExecutionListeners: [org.springframework.test.context.web.ServletTestExecutionListener@4e881a4f, org.springframework.test.context.support.DirtiesContextBeforeModesTestExecutionListener@3fb9f0c2, org.springframework.boot.test.mock.mockito.MockitoTestExecutionListener@4fe01d70, org.springframework.boot.test.autoconfigure.SpringBootDependencyInjectionTestExecutionListener@7e52f6e0, org.springframework.test.context.support.DirtiesContextTestExecutionListener@7006c107, org.springframework.test.context.transaction.TransactionalTestExecutionListener@491025, org.springframework.test.context.jdbc.SqlScriptsTestExecutionListener@4f0d86c1, org.springframework.security.test.context.support.WithSecurityContextTestExecutionListener@26019c36, org.springframework.security.test.context.support.ReactorContextTestExecutionListener@60497f08, org.springframework.boot.test.autoconfigure.restdocs.RestDocsTestExecutionListener@28c9931c, org.springframework.boot.test.autoconfigure.web.client.MockRestServiceServerResetTestExecutionListener@bd1334a, org.springframework.boot.test.autoconfigure.web.servlet.MockMvcPrintOnlyOnFailureTestExecutionListener@219bee2a, org.springframework.boot.test.autoconfigure.web.servlet.WebDriverTestExecutionListener@a81642e, org.springframework.boot.test.mock.mockito.ResetMocksTestExecutionListener@6e345711]

  .   ____          _            __ _ _
 /\\ / ___'_ __ _ _(_)_ __  __ _ \ \ \ \
( ( )\___ | '_ | '_| | '_ \/ _` | \ \ \ \
 \\/  ___)| |_)| | | | | || (_| |  ) ) ) )
  '  |____| .__|_| |_|_| |_\__, | / / / /
 =========|_|==============|___/=/_/_/_/
 :: Spring Boot ::        (v2.1.7.RELEASE)

2020-12-23 22:12:29.400  INFO 10825 --- [    Test worker] c.k.p.s.d.posts.PostsRepositoryTest      : Starting PostsRepositoryTest on KangBadas-MacBook-Pro-15.local with PID 10825 (started by KangBada in /Users/KangBada/IdeaProjects/springboot-webservice)
2020-12-23 22:12:29.400  INFO 10825 --- [    Test worker] c.k.p.s.d.posts.PostsRepositoryTest      : No active profile set, falling back to default profiles: default
2020-12-23 22:12:29.605  INFO 10825 --- [    Test worker] .s.d.r.c.RepositoryConfigurationDelegate : Bootstrapping Spring Data repositories in DEFAULT mode.
2020-12-23 22:12:29.626  INFO 10825 --- [    Test worker] .s.d.r.c.RepositoryConfigurationDelegate : Finished Spring Data repository scanning in 21ms. Found 2 repository interfaces.
2020-12-23 22:12:29.732  INFO 10825 --- [    Test worker] trationDelegate$BeanPostProcessorChecker : Bean 'org.springframework.transaction.annotation.ProxyTransactionManagementConfiguration' of type [org.springframework.transaction.annotation.ProxyTransactionManagementConfiguration$$EnhancerBySpringCGLIB$$a9d673c] is not eligible for getting processed by all BeanPostProcessors (for example: not eligible for auto-proxying)
2020-12-23 22:12:29.822  INFO 10825 --- [    Test worker] com.zaxxer.hikari.HikariDataSource       : HikariPool-2 - Starting...
2020-12-23 22:12:29.824  INFO 10825 --- [    Test worker] com.zaxxer.hikari.HikariDataSource       : HikariPool-2 - Start completed.
2020-12-23 22:12:29.850  INFO 10825 --- [    Test worker] o.hibernate.jpa.internal.util.LogHelper  : HHH000204: Processing PersistenceUnitInfo [
	name: default
	...]
2020-12-23 22:12:29.857  INFO 10825 --- [    Test worker] org.hibernate.dialect.Dialect            : HHH000400: Using dialect: org.hibernate.dialect.MySQL5InnoDBDialect
Hibernate: drop table if exists posts
Hibernate: drop table if exists user
Hibernate: create table posts (id bigint not null auto_increment, created_date datetime, modified_date datetime, author varchar(255), content TEXT not null, title varchar(500) not null, primary key (id)) engine=InnoDB
Hibernate: create table user (id bigint not null auto_increment, created_date datetime, modified_date datetime, email varchar(255) not null, name varchar(255) not null, picture varchar(255), role varchar(255) not null, primary key (id)) engine=InnoDB
2020-12-23 22:12:29.916  INFO 10825 --- [    Test worker] o.h.t.schema.internal.SchemaCreatorImpl  : HHH000476: Executing import script 'org.hibernate.tool.schema.internal.exec.ScriptSourceInputNonExistentImpl@5189cb6a'
2020-12-23 22:12:29.916  INFO 10825 --- [    Test worker] j.LocalContainerEntityManagerFactoryBean : Initialized JPA EntityManagerFactory for persistence unit 'default'
2020-12-23 22:12:30.115  INFO 10825 --- [    Test worker] o.h.h.i.QueryTranslatorFactoryInitiator  : HHH000397: Using ASTQueryTranslatorFactory
2020-12-23 22:12:30.261  INFO 10825 --- [    Test worker] o.s.s.web.DefaultSecurityFilterChain     : Creating filter chain: any request, [org.springframework.security.web.context.request.async.WebAsyncManagerIntegrationFilter@62cfffc8, org.springframework.security.web.context.SecurityContextPersistenceFilter@315846a4, org.springframework.security.web.header.HeaderWriterFilter@1ba3d989, org.springframework.security.web.authentication.logout.LogoutFilter@358b220f, org.springframework.security.oauth2.client.web.OAuth2AuthorizationRequestRedirectFilter@5b1856e6, org.springframework.security.oauth2.client.web.OAuth2LoginAuthenticationFilter@17c50e9b, org.springframework.security.web.authentication.ui.DefaultLoginPageGeneratingFilter@4695211f, org.springframework.security.web.authentication.ui.DefaultLogoutPageGeneratingFilter@536a4fec, org.springframework.security.web.savedrequest.RequestCacheAwareFilter@5e375f7e, org.springframework.security.web.servletapi.SecurityContextHolderAwareRequestFilter@5bddaaa0, org.springframework.security.web.authentication.AnonymousAuthenticationFilter@4adc8c01, org.springframework.security.web.session.SessionManagementFilter@57b94d81, org.springframework.security.web.access.ExceptionTranslationFilter@347b7f7e, org.springframework.security.web.access.intercept.FilterSecurityInterceptor@259290c5]
2020-12-23 22:12:30.572  INFO 10825 --- [    Test worker] o.s.s.concurrent.ThreadPoolTaskExecutor  : Initializing ExecutorService 'applicationTaskExecutor'
2020-12-23 22:12:30.588  WARN 10825 --- [    Test worker] aWebConfiguration$JpaWebMvcConfiguration : spring.jpa.open-in-view is enabled by default. Therefore, database queries may be performed during view rendering. Explicitly configure spring.jpa.open-in-view to disable this warning
2020-12-23 22:12:30.617  INFO 10825 --- [    Test worker] o.s.b.a.w.s.WelcomePageHandlerMapping    : Adding welcome page template: index
2020-12-23 22:12:30.954  INFO 10825 --- [    Test worker] s.a.ScheduledAnnotationBeanPostProcessor : No TaskScheduler/ScheduledExecutorService bean found for scheduled processing
2020-12-23 22:12:30.955  INFO 10825 --- [    Test worker] c.k.p.s.d.posts.PostsRepositoryTest      : Started PostsRepositoryTest in 1.576 seconds (JVM running for 11.649)
Hibernate: insert into posts (created_date, modified_date, author, content, title) values (?, ?, ?, ?, ?)
Hibernate: select posts0_.id as id1_0_, posts0_.created_date as created_2_0_, posts0_.modified_date as modified3_0_, posts0_.author as author4_0_, posts0_.content as content5_0_, posts0_.title as title6_0_ from posts posts0_
Hibernate: select posts0_.id as id1_0_, posts0_.created_date as created_2_0_, posts0_.modified_date as modified3_0_, posts0_.author as author4_0_, posts0_.content as content5_0_, posts0_.title as title6_0_ from posts posts0_
Hibernate: delete from posts where id=?
Hibernate: insert into posts (created_date, modified_date, author, content, title) values (?, ?, ?, ?, ?)
Hibernate: select posts0_.id as id1_0_, posts0_.created_date as created_2_0_, posts0_.modified_date as modified3_0_, posts0_.author as author4_0_, posts0_.content as content5_0_, posts0_.title as title6_0_ from posts posts0_
>>>>>>>>> createDate=2020-12-23T22:12:30.984, modifiedDate=2020-12-23T22:12:30.984
Hibernate: select posts0_.id as id1_0_, posts0_.created_date as created_2_0_, posts0_.modified_date as modified3_0_, posts0_.author as author4_0_, posts0_.content as content5_0_, posts0_.title as title6_0_ from posts posts0_
Hibernate: delete from posts where id=?
]]></system-out>
  <system-err><![CDATA[]]></system-err>
</testsuite>
