<?xml version="1.0" encoding="UTF-8"?>
<testsuite name="com.kangbada.practice.springboot.web.PostsApiControllerTest" tests="2" skipped="0" failures="0" errors="0" timestamp="2020-12-25T06:59:40" hostname="KangBadas-MacBook-Pro-15.local" time="0.244">
  <properties/>
  <testcase name="Posts_등록된다" classname="com.kangbada.practice.springboot.web.PostsApiControllerTest" time="0.204"/>
  <testcase name="Posts_수정된다" classname="com.kangbada.practice.springboot.web.PostsApiControllerTest" time="0.039"/>
  <system-out><![CDATA[2020-12-25 15:59:40.646  INFO 25279 --- [    Test worker] .b.t.c.SpringBootTestContextBootstrapper : Neither @ContextConfiguration nor @ContextHierarchy found for test class [com.kangbada.practice.springboot.web.PostsApiControllerTest], using SpringBootContextLoader
2020-12-25 15:59:40.647  INFO 25279 --- [    Test worker] o.s.t.c.support.AbstractContextLoader    : Could not detect default resource locations for test class [com.kangbada.practice.springboot.web.PostsApiControllerTest]: no resource found for suffixes {-context.xml, Context.groovy}.
2020-12-25 15:59:40.648  INFO 25279 --- [    Test worker] t.c.s.AnnotationConfigContextLoaderUtils : Could not detect default configuration classes for test class [com.kangbada.practice.springboot.web.PostsApiControllerTest]: PostsApiControllerTest does not declare any static, non-private, non-final, nested classes annotated with @Configuration.
2020-12-25 15:59:40.651  INFO 25279 --- [    Test worker] .b.t.c.SpringBootTestContextBootstrapper : Found @SpringBootConfiguration com.kangbada.practice.springboot.Application for test class com.kangbada.practice.springboot.web.PostsApiControllerTest
2020-12-25 15:59:40.654  INFO 25279 --- [    Test worker] .b.t.c.SpringBootTestContextBootstrapper : Loaded default TestExecutionListener class names from location [META-INF/spring.factories]: [org.springframework.security.test.context.support.WithSecurityContextTestExecutionListener, org.springframework.security.test.context.support.ReactorContextTestExecutionListener, org.springframework.boot.test.autoconfigure.restdocs.RestDocsTestExecutionListener, org.springframework.boot.test.autoconfigure.web.client.MockRestServiceServerResetTestExecutionListener, org.springframework.boot.test.autoconfigure.web.servlet.MockMvcPrintOnlyOnFailureTestExecutionListener, org.springframework.boot.test.autoconfigure.web.servlet.WebDriverTestExecutionListener, org.springframework.boot.test.mock.mockito.MockitoTestExecutionListener, org.springframework.boot.test.mock.mockito.ResetMocksTestExecutionListener, org.springframework.test.context.web.ServletTestExecutionListener, org.springframework.test.context.support.DirtiesContextBeforeModesTestExecutionListener, org.springframework.test.context.support.DependencyInjectionTestExecutionListener, org.springframework.test.context.support.DirtiesContextTestExecutionListener, org.springframework.test.context.transaction.TransactionalTestExecutionListener, org.springframework.test.context.jdbc.SqlScriptsTestExecutionListener]
2020-12-25 15:59:40.655  INFO 25279 --- [    Test worker] .b.t.c.SpringBootTestContextBootstrapper : Using TestExecutionListeners: [org.springframework.test.context.web.ServletTestExecutionListener@34f589f6, org.springframework.test.context.support.DirtiesContextBeforeModesTestExecutionListener@2046e854, org.springframework.boot.test.mock.mockito.MockitoTestExecutionListener@6383a294, org.springframework.boot.test.autoconfigure.SpringBootDependencyInjectionTestExecutionListener@30b38599, org.springframework.test.context.support.DirtiesContextTestExecutionListener@28110040, org.springframework.test.context.transaction.TransactionalTestExecutionListener@3f02495e, org.springframework.test.context.jdbc.SqlScriptsTestExecutionListener@41ebdb28, org.springframework.security.test.context.support.WithSecurityContextTestExecutionListener@6dd801c1, org.springframework.security.test.context.support.ReactorContextTestExecutionListener@4d6b0f3a, org.springframework.boot.test.autoconfigure.restdocs.RestDocsTestExecutionListener@600ef770, org.springframework.boot.test.autoconfigure.web.client.MockRestServiceServerResetTestExecutionListener@7f2352c2, org.springframework.boot.test.autoconfigure.web.servlet.MockMvcPrintOnlyOnFailureTestExecutionListener@52d882ee, org.springframework.boot.test.autoconfigure.web.servlet.WebDriverTestExecutionListener@47df4550, org.springframework.boot.test.mock.mockito.ResetMocksTestExecutionListener@507d8fac]
2020-12-25 15:59:40.670  INFO 25279 --- [    Test worker] o.a.c.c.C.[Tomcat].[localhost].[/]       : Initializing Spring TestDispatcherServlet ''
2020-12-25 15:59:40.670  INFO 25279 --- [    Test worker] o.s.t.web.servlet.TestDispatcherServlet  : Initializing Servlet ''
2020-12-25 15:59:40.676  INFO 25279 --- [    Test worker] o.s.t.web.servlet.TestDispatcherServlet  : Completed initialization in 6 ms
Hibernate: insert into posts (created_date, modified_date, author, content, title) values (?, ?, ?, ?, ?)
Hibernate: select posts0_.id as id1_0_, posts0_.created_date as created_2_0_, posts0_.modified_date as modified3_0_, posts0_.author as author4_0_, posts0_.content as content5_0_, posts0_.title as title6_0_ from posts posts0_
Hibernate: select posts0_.id as id1_0_, posts0_.created_date as created_2_0_, posts0_.modified_date as modified3_0_, posts0_.author as author4_0_, posts0_.content as content5_0_, posts0_.title as title6_0_ from posts posts0_
Hibernate: delete from posts where id=?
2020-12-25 15:59:40.870  INFO 25279 --- [    Test worker] o.a.c.c.C.[Tomcat].[localhost].[/]       : Initializing Spring TestDispatcherServlet ''
2020-12-25 15:59:40.871  INFO 25279 --- [    Test worker] o.s.t.web.servlet.TestDispatcherServlet  : Initializing Servlet ''
2020-12-25 15:59:40.874  INFO 25279 --- [    Test worker] o.s.t.web.servlet.TestDispatcherServlet  : Completed initialization in 3 ms
Hibernate: insert into posts (created_date, modified_date, author, content, title) values (?, ?, ?, ?, ?)
Hibernate: select posts0_.id as id1_0_0_, posts0_.created_date as created_2_0_0_, posts0_.modified_date as modified3_0_0_, posts0_.author as author4_0_0_, posts0_.content as content5_0_0_, posts0_.title as title6_0_0_ from posts posts0_ where posts0_.id=?
Hibernate: update posts set created_date=?, modified_date=?, author=?, content=?, title=? where id=?
Hibernate: select posts0_.id as id1_0_, posts0_.created_date as created_2_0_, posts0_.modified_date as modified3_0_, posts0_.author as author4_0_, posts0_.content as content5_0_, posts0_.title as title6_0_ from posts posts0_
Hibernate: select posts0_.id as id1_0_, posts0_.created_date as created_2_0_, posts0_.modified_date as modified3_0_, posts0_.author as author4_0_, posts0_.content as content5_0_, posts0_.title as title6_0_ from posts posts0_
Hibernate: delete from posts where id=?
]]></system-out>
  <system-err><![CDATA[]]></system-err>
</testsuite>
