<?xml version="1.0" encoding="UTF-8"?>
<testsuite name="com.kangbada.practice.springboot.web.PostsApiControllerTest" tests="2" skipped="0" failures="0" errors="0" timestamp="2020-12-23T13:12:29" hostname="KangBadas-MacBook-Pro-15.local" time="0.205">
  <properties/>
  <testcase name="Posts_등록된다" classname="com.kangbada.practice.springboot.web.PostsApiControllerTest" time="0.172"/>
  <testcase name="Posts_수정된다" classname="com.kangbada.practice.springboot.web.PostsApiControllerTest" time="0.032"/>
  <system-out><![CDATA[2020-12-23 22:12:29.151  INFO 10825 --- [    Test worker] .b.t.c.SpringBootTestContextBootstrapper : Neither @ContextConfiguration nor @ContextHierarchy found for test class [com.kangbada.practice.springboot.web.PostsApiControllerTest], using SpringBootContextLoader
2020-12-23 22:12:29.151  INFO 10825 --- [    Test worker] o.s.t.c.support.AbstractContextLoader    : Could not detect default resource locations for test class [com.kangbada.practice.springboot.web.PostsApiControllerTest]: no resource found for suffixes {-context.xml, Context.groovy}.
2020-12-23 22:12:29.152  INFO 10825 --- [    Test worker] t.c.s.AnnotationConfigContextLoaderUtils : Could not detect default configuration classes for test class [com.kangbada.practice.springboot.web.PostsApiControllerTest]: PostsApiControllerTest does not declare any static, non-private, non-final, nested classes annotated with @Configuration.
2020-12-23 22:12:29.153  INFO 10825 --- [    Test worker] .b.t.c.SpringBootTestContextBootstrapper : Found @SpringBootConfiguration com.kangbada.practice.springboot.Application for test class com.kangbada.practice.springboot.web.PostsApiControllerTest
2020-12-23 22:12:29.155  INFO 10825 --- [    Test worker] .b.t.c.SpringBootTestContextBootstrapper : Loaded default TestExecutionListener class names from location [META-INF/spring.factories]: [org.springframework.security.test.context.support.WithSecurityContextTestExecutionListener, org.springframework.security.test.context.support.ReactorContextTestExecutionListener, org.springframework.boot.test.autoconfigure.restdocs.RestDocsTestExecutionListener, org.springframework.boot.test.autoconfigure.web.client.MockRestServiceServerResetTestExecutionListener, org.springframework.boot.test.autoconfigure.web.servlet.MockMvcPrintOnlyOnFailureTestExecutionListener, org.springframework.boot.test.autoconfigure.web.servlet.WebDriverTestExecutionListener, org.springframework.boot.test.mock.mockito.MockitoTestExecutionListener, org.springframework.boot.test.mock.mockito.ResetMocksTestExecutionListener, org.springframework.test.context.web.ServletTestExecutionListener, org.springframework.test.context.support.DirtiesContextBeforeModesTestExecutionListener, org.springframework.test.context.support.DependencyInjectionTestExecutionListener, org.springframework.test.context.support.DirtiesContextTestExecutionListener, org.springframework.test.context.transaction.TransactionalTestExecutionListener, org.springframework.test.context.jdbc.SqlScriptsTestExecutionListener]
2020-12-23 22:12:29.156  INFO 10825 --- [    Test worker] .b.t.c.SpringBootTestContextBootstrapper : Using TestExecutionListeners: [org.springframework.test.context.web.ServletTestExecutionListener@658b151f, org.springframework.test.context.support.DirtiesContextBeforeModesTestExecutionListener@485c20f9, org.springframework.boot.test.mock.mockito.MockitoTestExecutionListener@49ef346a, org.springframework.boot.test.autoconfigure.SpringBootDependencyInjectionTestExecutionListener@27ac3f1f, org.springframework.test.context.support.DirtiesContextTestExecutionListener@1a32f518, org.springframework.test.context.transaction.TransactionalTestExecutionListener@3340554f, org.springframework.test.context.jdbc.SqlScriptsTestExecutionListener@3bc6b29, org.springframework.security.test.context.support.WithSecurityContextTestExecutionListener@45aef886, org.springframework.security.test.context.support.ReactorContextTestExecutionListener@48395f1e, org.springframework.boot.test.autoconfigure.restdocs.RestDocsTestExecutionListener@7962917b, org.springframework.boot.test.autoconfigure.web.client.MockRestServiceServerResetTestExecutionListener@1967485d, org.springframework.boot.test.autoconfigure.web.servlet.MockMvcPrintOnlyOnFailureTestExecutionListener@2b3fe93f, org.springframework.boot.test.autoconfigure.web.servlet.WebDriverTestExecutionListener@297c82e9, org.springframework.boot.test.mock.mockito.ResetMocksTestExecutionListener@447837f4]
2020-12-23 22:12:29.163  INFO 10825 --- [    Test worker] o.a.c.c.C.[Tomcat].[localhost].[/]       : Initializing Spring TestDispatcherServlet ''
2020-12-23 22:12:29.163  INFO 10825 --- [    Test worker] o.s.t.web.servlet.TestDispatcherServlet  : Initializing Servlet ''
2020-12-23 22:12:29.166  INFO 10825 --- [    Test worker] o.s.t.web.servlet.TestDispatcherServlet  : Completed initialization in 3 ms
Hibernate: insert into posts (created_date, modified_date, author, content, title) values (?, ?, ?, ?, ?)
Hibernate: select posts0_.id as id1_0_, posts0_.created_date as created_2_0_, posts0_.modified_date as modified3_0_, posts0_.author as author4_0_, posts0_.content as content5_0_, posts0_.title as title6_0_ from posts posts0_
Hibernate: select posts0_.id as id1_0_, posts0_.created_date as created_2_0_, posts0_.modified_date as modified3_0_, posts0_.author as author4_0_, posts0_.content as content5_0_, posts0_.title as title6_0_ from posts posts0_
Hibernate: delete from posts where id=?
2020-12-23 22:12:29.336  INFO 10825 --- [    Test worker] o.a.c.c.C.[Tomcat].[localhost].[/]       : Initializing Spring TestDispatcherServlet ''
2020-12-23 22:12:29.336  INFO 10825 --- [    Test worker] o.s.t.web.servlet.TestDispatcherServlet  : Initializing Servlet ''
2020-12-23 22:12:29.340  INFO 10825 --- [    Test worker] o.s.t.web.servlet.TestDispatcherServlet  : Completed initialization in 3 ms
Hibernate: insert into posts (created_date, modified_date, author, content, title) values (?, ?, ?, ?, ?)
Hibernate: select posts0_.id as id1_0_0_, posts0_.created_date as created_2_0_0_, posts0_.modified_date as modified3_0_0_, posts0_.author as author4_0_0_, posts0_.content as content5_0_0_, posts0_.title as title6_0_0_ from posts posts0_ where posts0_.id=?
Hibernate: update posts set created_date=?, modified_date=?, author=?, content=?, title=? where id=?
Hibernate: select posts0_.id as id1_0_, posts0_.created_date as created_2_0_, posts0_.modified_date as modified3_0_, posts0_.author as author4_0_, posts0_.content as content5_0_, posts0_.title as title6_0_ from posts posts0_
Hibernate: select posts0_.id as id1_0_, posts0_.created_date as created_2_0_, posts0_.modified_date as modified3_0_, posts0_.author as author4_0_, posts0_.content as content5_0_, posts0_.title as title6_0_ from posts posts0_
Hibernate: delete from posts where id=?
]]></system-out>
  <system-err><![CDATA[]]></system-err>
</testsuite>
