<?xml version="1.0" encoding="UTF-8"?>
<testsuite name="com.kangbada.practice.springboot.web.IndexControllerTest" tests="1" skipped="0" failures="0" errors="0" timestamp="2020-12-25T06:59:40" hostname="KangBadas-MacBook-Pro-15.local" time="0.272">
  <properties/>
  <testcase name="메인페이지_로딩" classname="com.kangbada.practice.springboot.web.IndexControllerTest" time="0.272"/>
  <system-out><![CDATA[2020-12-25 15:59:34.504  INFO 25279 --- [    Test worker] .b.t.c.SpringBootTestContextBootstrapper : Neither @ContextConfiguration nor @ContextHierarchy found for test class [com.kangbada.practice.springboot.web.IndexControllerTest], using SpringBootContextLoader
2020-12-25 15:59:34.505  INFO 25279 --- [    Test worker] o.s.t.c.support.AbstractContextLoader    : Could not detect default resource locations for test class [com.kangbada.practice.springboot.web.IndexControllerTest]: no resource found for suffixes {-context.xml, Context.groovy}.
2020-12-25 15:59:34.505  INFO 25279 --- [    Test worker] t.c.s.AnnotationConfigContextLoaderUtils : Could not detect default configuration classes for test class [com.kangbada.practice.springboot.web.IndexControllerTest]: IndexControllerTest does not declare any static, non-private, non-final, nested classes annotated with @Configuration.
2020-12-25 15:59:34.506  INFO 25279 --- [    Test worker] .b.t.c.SpringBootTestContextBootstrapper : Found @SpringBootConfiguration com.kangbada.practice.springboot.Application for test class com.kangbada.practice.springboot.web.IndexControllerTest
2020-12-25 15:59:34.508  INFO 25279 --- [    Test worker] .b.t.c.SpringBootTestContextBootstrapper : Loaded default TestExecutionListener class names from location [META-INF/spring.factories]: [org.springframework.security.test.context.support.WithSecurityContextTestExecutionListener, org.springframework.security.test.context.support.ReactorContextTestExecutionListener, org.springframework.boot.test.autoconfigure.restdocs.RestDocsTestExecutionListener, org.springframework.boot.test.autoconfigure.web.client.MockRestServiceServerResetTestExecutionListener, org.springframework.boot.test.autoconfigure.web.servlet.MockMvcPrintOnlyOnFailureTestExecutionListener, org.springframework.boot.test.autoconfigure.web.servlet.WebDriverTestExecutionListener, org.springframework.boot.test.mock.mockito.MockitoTestExecutionListener, org.springframework.boot.test.mock.mockito.ResetMocksTestExecutionListener, org.springframework.test.context.web.ServletTestExecutionListener, org.springframework.test.context.support.DirtiesContextBeforeModesTestExecutionListener, org.springframework.test.context.support.DependencyInjectionTestExecutionListener, org.springframework.test.context.support.DirtiesContextTestExecutionListener, org.springframework.test.context.transaction.TransactionalTestExecutionListener, org.springframework.test.context.jdbc.SqlScriptsTestExecutionListener]
2020-12-25 15:59:34.509  INFO 25279 --- [    Test worker] .b.t.c.SpringBootTestContextBootstrapper : Using TestExecutionListeners: [org.springframework.test.context.web.ServletTestExecutionListener@6e997a40, org.springframework.test.context.support.DirtiesContextBeforeModesTestExecutionListener@4aa2a9c7, org.springframework.boot.test.mock.mockito.MockitoTestExecutionListener@7fa2596f, org.springframework.boot.test.autoconfigure.SpringBootDependencyInjectionTestExecutionListener@31140df8, org.springframework.test.context.support.DirtiesContextTestExecutionListener@14fa3ae0, org.springframework.test.context.transaction.TransactionalTestExecutionListener@4bc95529, org.springframework.test.context.jdbc.SqlScriptsTestExecutionListener@264d141e, org.springframework.security.test.context.support.WithSecurityContextTestExecutionListener@37a7b6e2, org.springframework.security.test.context.support.ReactorContextTestExecutionListener@72cfa7cc, org.springframework.boot.test.autoconfigure.restdocs.RestDocsTestExecutionListener@73aed4a1, org.springframework.boot.test.autoconfigure.web.client.MockRestServiceServerResetTestExecutionListener@3d8dd32e, org.springframework.boot.test.autoconfigure.web.servlet.MockMvcPrintOnlyOnFailureTestExecutionListener@379772db, org.springframework.boot.test.autoconfigure.web.servlet.WebDriverTestExecutionListener@38695222, org.springframework.boot.test.mock.mockito.ResetMocksTestExecutionListener@3d679252]

  .   ____          _            __ _ _
 /\\ / ___'_ __ _ _(_)_ __  __ _ \ \ \ \
( ( )\___ | '_ | '_| | '_ \/ _` | \ \ \ \
 \\/  ___)| |_)| | | | | || (_| |  ) ) ) )
  '  |____| .__|_| |_|_| |_\__, | / / / /
 =========|_|==============|___/=/_/_/_/
 :: Spring Boot ::        (v2.1.7.RELEASE)

2020-12-25 15:59:34.544  INFO 25279 --- [    Test worker] c.k.p.s.web.IndexControllerTest          : Starting IndexControllerTest on KangBadas-MacBook-Pro-15.local with PID 25279 (started by KangBada in /Users/KangBada/IdeaProjects/springboot-webservice)
2020-12-25 15:59:34.544  INFO 25279 --- [    Test worker] c.k.p.s.web.IndexControllerTest          : No active profile set, falling back to default profiles: default
2020-12-25 15:59:34.960  INFO 25279 --- [    Test worker] .s.d.r.c.RepositoryConfigurationDelegate : Bootstrapping Spring Data repositories in DEFAULT mode.
2020-12-25 15:59:35.039  INFO 25279 --- [    Test worker] .s.d.r.c.RepositoryConfigurationDelegate : Finished Spring Data repository scanning in 67ms. Found 2 repository interfaces.
2020-12-25 15:59:35.350  INFO 25279 --- [    Test worker] trationDelegate$BeanPostProcessorChecker : Bean 'org.springframework.transaction.annotation.ProxyTransactionManagementConfiguration' of type [org.springframework.transaction.annotation.ProxyTransactionManagementConfiguration$$EnhancerBySpringCGLIB$$8dc57b9c] is not eligible for getting processed by all BeanPostProcessors (for example: not eligible for auto-proxying)
2020-12-25 15:59:35.752  INFO 25279 --- [    Test worker] o.s.b.w.embedded.tomcat.TomcatWebServer  : Tomcat initialized with port(s): 0 (http)
2020-12-25 15:59:35.793  INFO 25279 --- [    Test worker] o.apache.catalina.core.StandardService   : Starting service [Tomcat]
2020-12-25 15:59:35.793  INFO 25279 --- [    Test worker] org.apache.catalina.core.StandardEngine  : Starting Servlet engine: [Apache Tomcat/9.0.22]
2020-12-25 15:59:35.951  INFO 25279 --- [    Test worker] o.a.c.c.C.[Tomcat].[localhost].[/]       : Initializing Spring embedded WebApplicationContext
2020-12-25 15:59:35.951  INFO 25279 --- [    Test worker] o.s.web.context.ContextLoader            : Root WebApplicationContext: initialization completed in 1404 ms
2020-12-25 15:59:36.282  INFO 25279 --- [    Test worker] com.zaxxer.hikari.HikariDataSource       : HikariPool-1 - Starting...
2020-12-25 15:59:36.532  INFO 25279 --- [    Test worker] com.zaxxer.hikari.HikariDataSource       : HikariPool-1 - Start completed.
2020-12-25 15:59:36.667  INFO 25279 --- [    Test worker] o.hibernate.jpa.internal.util.LogHelper  : HHH000204: Processing PersistenceUnitInfo [
	name: default
	...]
2020-12-25 15:59:36.788  INFO 25279 --- [    Test worker] org.hibernate.Version                    : HHH000412: Hibernate Core {5.3.10.Final}
2020-12-25 15:59:36.791  INFO 25279 --- [    Test worker] org.hibernate.cfg.Environment            : HHH000206: hibernate.properties not found
2020-12-25 15:59:36.878  INFO 25279 --- [    Test worker] o.hibernate.annotations.common.Version   : HCANN000001: Hibernate Commons Annotations {5.0.4.Final}
2020-12-25 15:59:37.138  INFO 25279 --- [    Test worker] org.hibernate.dialect.Dialect            : HHH000400: Using dialect: org.hibernate.dialect.MySQL5InnoDBDialect
Hibernate: drop table if exists posts
Hibernate: drop table if exists user
Hibernate: create table posts (id bigint not null auto_increment, created_date datetime, modified_date datetime, author varchar(255), content TEXT not null, title varchar(500) not null, primary key (id)) engine=InnoDB
Hibernate: create table user (id bigint not null auto_increment, created_date datetime, modified_date datetime, email varchar(255) not null, name varchar(255) not null, picture varchar(255), role varchar(255) not null, primary key (id)) engine=InnoDB
2020-12-25 15:59:38.344  INFO 25279 --- [    Test worker] o.h.t.schema.internal.SchemaCreatorImpl  : HHH000476: Executing import script 'org.hibernate.tool.schema.internal.exec.ScriptSourceInputNonExistentImpl@2ec3b27d'
2020-12-25 15:59:38.349  INFO 25279 --- [    Test worker] j.LocalContainerEntityManagerFactoryBean : Initialized JPA EntityManagerFactory for persistence unit 'default'
2020-12-25 15:59:39.177  INFO 25279 --- [    Test worker] o.h.h.i.QueryTranslatorFactoryInitiator  : HHH000397: Using ASTQueryTranslatorFactory
2020-12-25 15:59:39.564  INFO 25279 --- [    Test worker] o.s.s.web.DefaultSecurityFilterChain     : Creating filter chain: any request, [org.springframework.security.web.context.request.async.WebAsyncManagerIntegrationFilter@6914932e, org.springframework.security.web.context.SecurityContextPersistenceFilter@2e95bb0c, org.springframework.security.web.header.HeaderWriterFilter@28fa1120, org.springframework.security.web.authentication.logout.LogoutFilter@2f763f46, org.springframework.security.oauth2.client.web.OAuth2AuthorizationRequestRedirectFilter@3d516c24, org.springframework.security.oauth2.client.web.OAuth2LoginAuthenticationFilter@6c293593, org.springframework.security.web.authentication.ui.DefaultLoginPageGeneratingFilter@2c38bc16, org.springframework.security.web.authentication.ui.DefaultLogoutPageGeneratingFilter@19fe1357, org.springframework.security.web.savedrequest.RequestCacheAwareFilter@4e2b9182, org.springframework.security.web.servletapi.SecurityContextHolderAwareRequestFilter@3620ea76, org.springframework.security.web.authentication.AnonymousAuthenticationFilter@3c5e2856, org.springframework.security.web.session.SessionManagementFilter@319572e6, org.springframework.security.web.access.ExceptionTranslationFilter@789309bd, org.springframework.security.web.access.intercept.FilterSecurityInterceptor@3701720f]
2020-12-25 15:59:39.854  INFO 25279 --- [    Test worker] o.s.s.concurrent.ThreadPoolTaskExecutor  : Initializing ExecutorService 'applicationTaskExecutor'
2020-12-25 15:59:39.880  WARN 25279 --- [    Test worker] aWebConfiguration$JpaWebMvcConfiguration : spring.jpa.open-in-view is enabled by default. Therefore, database queries may be performed during view rendering. Explicitly configure spring.jpa.open-in-view to disable this warning
2020-12-25 15:59:39.928  INFO 25279 --- [    Test worker] o.s.b.a.w.s.WelcomePageHandlerMapping    : Adding welcome page template: index
2020-12-25 15:59:40.327  INFO 25279 --- [    Test worker] s.a.ScheduledAnnotationBeanPostProcessor : No TaskScheduler/ScheduledExecutorService bean found for scheduled processing
2020-12-25 15:59:40.361  INFO 25279 --- [    Test worker] o.s.b.w.embedded.tomcat.TomcatWebServer  : Tomcat started on port(s): 52826 (http) with context path ''
2020-12-25 15:59:40.362  INFO 25279 --- [    Test worker] c.k.p.s.web.IndexControllerTest          : Started IndexControllerTest in 5.851 seconds (JVM running for 10.738)
2020-12-25 15:59:40.491  INFO 25279 --- [o-auto-1-exec-1] o.a.c.c.C.[Tomcat].[localhost].[/]       : Initializing Spring DispatcherServlet 'dispatcherServlet'
2020-12-25 15:59:40.492  INFO 25279 --- [o-auto-1-exec-1] o.s.web.servlet.DispatcherServlet        : Initializing Servlet 'dispatcherServlet'
2020-12-25 15:59:40.513  INFO 25279 --- [o-auto-1-exec-1] o.s.web.servlet.DispatcherServlet        : Completed initialization in 21 ms
Hibernate: select posts0_.id as id1_0_, posts0_.created_date as created_2_0_, posts0_.modified_date as modified3_0_, posts0_.author as author4_0_, posts0_.content as content5_0_, posts0_.title as title6_0_ from posts posts0_ order by posts0_.id DESC
]]></system-out>
  <system-err><![CDATA[]]></system-err>
</testsuite>
