<?xml version="1.0" encoding="UTF-8"?>
<testsuite name="com.kangbada.practice.springboot.web.HelloControllerTest" tests="2" skipped="0" failures="0" errors="0" timestamp="2020-12-23T13:12:29" hostname="KangBadas-MacBook-Pro-15.local" time="0.122">
  <properties/>
  <testcase name="hello가_리턴된다" classname="com.kangbada.practice.springboot.web.HelloControllerTest" time="0.038"/>
  <testcase name="helloDto가_리턴된다" classname="com.kangbada.practice.springboot.web.HelloControllerTest" time="0.083"/>
  <system-out><![CDATA[2020-12-23 22:12:27.763  INFO 10825 --- [    Test worker] .b.t.a.w.s.WebMvcTestContextBootstrapper : Neither @ContextConfiguration nor @ContextHierarchy found for test class [com.kangbada.practice.springboot.web.HelloControllerTest], using SpringBootContextLoader
2020-12-23 22:12:27.764  INFO 10825 --- [    Test worker] o.s.t.c.support.AbstractContextLoader    : Could not detect default resource locations for test class [com.kangbada.practice.springboot.web.HelloControllerTest]: no resource found for suffixes {-context.xml, Context.groovy}.
2020-12-23 22:12:27.764  INFO 10825 --- [    Test worker] t.c.s.AnnotationConfigContextLoaderUtils : Could not detect default configuration classes for test class [com.kangbada.practice.springboot.web.HelloControllerTest]: HelloControllerTest does not declare any static, non-private, non-final, nested classes annotated with @Configuration.
2020-12-23 22:12:27.797  INFO 10825 --- [    Test worker] .b.t.c.SpringBootTestContextBootstrapper : Found @SpringBootConfiguration com.kangbada.practice.springboot.Application for test class com.kangbada.practice.springboot.web.HelloControllerTest
2020-12-23 22:12:27.798  INFO 10825 --- [    Test worker] .b.t.a.w.s.WebMvcTestContextBootstrapper : Loaded default TestExecutionListener class names from location [META-INF/spring.factories]: [org.springframework.security.test.context.support.WithSecurityContextTestExecutionListener, org.springframework.security.test.context.support.ReactorContextTestExecutionListener, org.springframework.boot.test.autoconfigure.restdocs.RestDocsTestExecutionListener, org.springframework.boot.test.autoconfigure.web.client.MockRestServiceServerResetTestExecutionListener, org.springframework.boot.test.autoconfigure.web.servlet.MockMvcPrintOnlyOnFailureTestExecutionListener, org.springframework.boot.test.autoconfigure.web.servlet.WebDriverTestExecutionListener, org.springframework.boot.test.mock.mockito.MockitoTestExecutionListener, org.springframework.boot.test.mock.mockito.ResetMocksTestExecutionListener, org.springframework.test.context.web.ServletTestExecutionListener, org.springframework.test.context.support.DirtiesContextBeforeModesTestExecutionListener, org.springframework.test.context.support.DependencyInjectionTestExecutionListener, org.springframework.test.context.support.DirtiesContextTestExecutionListener, org.springframework.test.context.transaction.TransactionalTestExecutionListener, org.springframework.test.context.jdbc.SqlScriptsTestExecutionListener]
2020-12-23 22:12:27.799  INFO 10825 --- [    Test worker] .b.t.a.w.s.WebMvcTestContextBootstrapper : Using TestExecutionListeners: [org.springframework.test.context.web.ServletTestExecutionListener@4c48e756, org.springframework.test.context.support.DirtiesContextBeforeModesTestExecutionListener@7f794d44, org.springframework.boot.test.mock.mockito.MockitoTestExecutionListener@34988598, org.springframework.boot.test.autoconfigure.SpringBootDependencyInjectionTestExecutionListener@2395b427, org.springframework.test.context.support.DirtiesContextTestExecutionListener@28ec8554, org.springframework.test.context.transaction.TransactionalTestExecutionListener@1d4aee60, org.springframework.test.context.jdbc.SqlScriptsTestExecutionListener@6d0e1c14, org.springframework.security.test.context.support.WithSecurityContextTestExecutionListener@6334b91e, org.springframework.security.test.context.support.ReactorContextTestExecutionListener@2f3e4609, org.springframework.boot.test.autoconfigure.restdocs.RestDocsTestExecutionListener@654d9460, org.springframework.boot.test.autoconfigure.web.client.MockRestServiceServerResetTestExecutionListener@783eca61, org.springframework.boot.test.autoconfigure.web.servlet.MockMvcPrintOnlyOnFailureTestExecutionListener@3e846031, org.springframework.boot.test.autoconfigure.web.servlet.WebDriverTestExecutionListener@635777e6, org.springframework.boot.test.mock.mockito.ResetMocksTestExecutionListener@6ab00178]

  .   ____          _            __ _ _
 /\\ / ___'_ __ _ _(_)_ __  __ _ \ \ \ \
( ( )\___ | '_ | '_| | '_ \/ _` | \ \ \ \
 \\/  ___)| |_)| | | | | || (_| |  ) ) ) )
  '  |____| .__|_| |_|_| |_\__, | / / / /
 =========|_|==============|___/=/_/_/_/
 :: Spring Boot ::        (v2.1.7.RELEASE)

2020-12-23 22:12:27.858  INFO 10825 --- [    Test worker] c.k.p.s.web.HelloControllerTest          : Starting HelloControllerTest on KangBadas-MacBook-Pro-15.local with PID 10825 (started by KangBada in /Users/KangBada/IdeaProjects/springboot-webservice)
2020-12-23 22:12:27.861  INFO 10825 --- [    Test worker] c.k.p.s.web.HelloControllerTest          : No active profile set, falling back to default profiles: default
2020-12-23 22:12:28.451  INFO 10825 --- [    Test worker] o.s.s.concurrent.ThreadPoolTaskExecutor  : Initializing ExecutorService 'applicationTaskExecutor'
2020-12-23 22:12:28.513  INFO 10825 --- [    Test worker] o.s.b.a.w.s.WelcomePageHandlerMapping    : Adding welcome page template: index
2020-12-23 22:12:28.804  INFO 10825 --- [    Test worker] .s.s.UserDetailsServiceAutoConfiguration : 

Using generated security password: 26f0b507-8623-4bd0-96f2-d86e2f636775

2020-12-23 22:12:28.972  INFO 10825 --- [    Test worker] o.s.s.web.DefaultSecurityFilterChain     : Creating filter chain: any request, [org.springframework.security.web.context.request.async.WebAsyncManagerIntegrationFilter@24890deb, org.springframework.security.web.context.SecurityContextPersistenceFilter@1d5db7e6, org.springframework.security.web.header.HeaderWriterFilter@17ef57f2, org.springframework.security.web.csrf.CsrfFilter@15c8320a, org.springframework.security.web.authentication.logout.LogoutFilter@1bb8e98a, org.springframework.security.web.authentication.UsernamePasswordAuthenticationFilter@7187d883, org.springframework.security.web.authentication.ui.DefaultLoginPageGeneratingFilter@6af0608f, org.springframework.security.web.authentication.ui.DefaultLogoutPageGeneratingFilter@4145093a, org.springframework.security.web.authentication.www.BasicAuthenticationFilter@19aaf87e, org.springframework.security.web.savedrequest.RequestCacheAwareFilter@5f8db52d, org.springframework.security.web.servletapi.SecurityContextHolderAwareRequestFilter@323029e9, org.springframework.security.web.authentication.AnonymousAuthenticationFilter@fe27064, org.springframework.security.web.session.SessionManagementFilter@43e37f67, org.springframework.security.web.access.ExceptionTranslationFilter@2acd0bf3, org.springframework.security.web.access.intercept.FilterSecurityInterceptor@2bcb9dd6]
2020-12-23 22:12:28.990  INFO 10825 --- [    Test worker] o.s.b.t.m.w.SpringBootMockServletContext : Initializing Spring TestDispatcherServlet ''
2020-12-23 22:12:28.990  INFO 10825 --- [    Test worker] o.s.t.web.servlet.TestDispatcherServlet  : Initializing Servlet ''
2020-12-23 22:12:28.992  INFO 10825 --- [    Test worker] o.s.t.web.servlet.TestDispatcherServlet  : Completed initialization in 2 ms
2020-12-23 22:12:29.022  INFO 10825 --- [    Test worker] c.k.p.s.web.HelloControllerTest          : Started HelloControllerTest in 1.212 seconds (JVM running for 9.716)
]]></system-out>
  <system-err><![CDATA[]]></system-err>
</testsuite>
