<?xml version="1.0" encoding="UTF-8"?>
<testsuite name="com.kangbada.practice.springboot.web.dto.HelloResponseDtoTest" tests="1" skipped="0" failures="0" errors="0" timestamp="2020-12-25T06:59:30" hostname="KangBadas-MacBook-Pro-15.local" time="0.062">
  <properties/>
  <testcase name="롬복_기능_테스트" classname="com.kangbada.practice.springboot.web.dto.HelloResponseDtoTest" time="0.062"/>
  <system-out><![CDATA[]]></system-out>
  <system-err><![CDATA[]]></system-err>
</testsuite>
