<?xml version="1.0" encoding="UTF-8"?>
<testsuite name="com.kangbada.practice.springboot.domain.posts.PostsRepositoryTest" tests="2" skipped="0" failures="0" errors="0" timestamp="2020-12-25T06:59:42" hostname="KangBadas-MacBook-Pro-15.local" time="0.041">
  <properties/>
  <testcase name="게시글저장_불러오기" classname="com.kangbada.practice.springboot.domain.posts.PostsRepositoryTest" time="0.026"/>
  <testcase name="BaseTimeEntity_등록" classname="com.kangbada.practice.springboot.domain.posts.PostsRepositoryTest" time="0.014"/>
  <system-out><![CDATA[2020-12-25 15:59:40.909  INFO 25279 --- [    Test worker] .b.t.c.SpringBootTestContextBootstrapper : Neither @ContextConfiguration nor @ContextHierarchy found for test class [com.kangbada.practice.springboot.domain.posts.PostsRepositoryTest], using SpringBootContextLoader
2020-12-25 15:59:40.910  INFO 25279 --- [    Test worker] o.s.t.c.support.AbstractContextLoader    : Could not detect default resource locations for test class [com.kangbada.practice.springboot.domain.posts.PostsRepositoryTest]: no resource found for suffixes {-context.xml, Context.groovy}.
2020-12-25 15:59:40.910  INFO 25279 --- [    Test worker] t.c.s.AnnotationConfigContextLoaderUtils : Could not detect default configuration classes for test class [com.kangbada.practice.springboot.domain.posts.PostsRepositoryTest]: PostsRepositoryTest does not declare any static, non-private, non-final, nested classes annotated with @Configuration.
2020-12-25 15:59:40.921  INFO 25279 --- [    Test worker] .b.t.c.SpringBootTestContextBootstrapper : Found @SpringBootConfiguration com.kangbada.practice.springboot.Application for test class com.kangbada.practice.springboot.domain.posts.PostsRepositoryTest
2020-12-25 15:59:40.923  INFO 25279 --- [    Test worker] .b.t.c.SpringBootTestContextBootstrapper : Loaded default TestExecutionListener class names from location [META-INF/spring.factories]: [org.springframework.security.test.context.support.WithSecurityContextTestExecutionListener, org.springframework.security.test.context.support.ReactorContextTestExecutionListener, org.springframework.boot.test.autoconfigure.restdocs.RestDocsTestExecutionListener, org.springframework.boot.test.autoconfigure.web.client.MockRestServiceServerResetTestExecutionListener, org.springframework.boot.test.autoconfigure.web.servlet.MockMvcPrintOnlyOnFailureTestExecutionListener, org.springframework.boot.test.autoconfigure.web.servlet.WebDriverTestExecutionListener, org.springframework.boot.test.mock.mockito.MockitoTestExecutionListener, org.springframework.boot.test.mock.mockito.ResetMocksTestExecutionListener, org.springframework.test.context.web.ServletTestExecutionListener, org.springframework.test.context.support.DirtiesContextBeforeModesTestExecutionListener, org.springframework.test.context.support.DependencyInjectionTestExecutionListener, org.springframework.test.context.support.DirtiesContextTestExecutionListener, org.springframework.test.context.transaction.TransactionalTestExecutionListener, org.springframework.test.context.jdbc.SqlScriptsTestExecutionListener]
2020-12-25 15:59:40.924  INFO 25279 --- [    Test worker] .b.t.c.SpringBootTestContextBootstrapper : Using TestExecutionListeners: [org.springframework.test.context.web.ServletTestExecutionListener@6bff7a2c, org.springframework.test.context.support.DirtiesContextBeforeModesTestExecutionListener@227b9a40, org.springframework.boot.test.mock.mockito.MockitoTestExecutionListener@282cfc19, org.springframework.boot.test.autoconfigure.SpringBootDependencyInjectionTestExecutionListener@a833b44, org.springframework.test.context.support.DirtiesContextTestExecutionListener@1a3d0e22, org.springframework.test.context.transaction.TransactionalTestExecutionListener@646a2ebf, org.springframework.test.context.jdbc.SqlScriptsTestExecutionListener@2be9da1f, org.springframework.security.test.context.support.WithSecurityContextTestExecutionListener@38a39d3d, org.springframework.security.test.context.support.ReactorContextTestExecutionListener@4a9dc815, org.springframework.boot.test.autoconfigure.restdocs.RestDocsTestExecutionListener@7fb7082f, org.springframework.boot.test.autoconfigure.web.client.MockRestServiceServerResetTestExecutionListener@1aeb1ce4, org.springframework.boot.test.autoconfigure.web.servlet.MockMvcPrintOnlyOnFailureTestExecutionListener@3e8520f1, org.springframework.boot.test.autoconfigure.web.servlet.WebDriverTestExecutionListener@1afc9a54, org.springframework.boot.test.mock.mockito.ResetMocksTestExecutionListener@5dcd0f54]

  .   ____          _            __ _ _
 /\\ / ___'_ __ _ _(_)_ __  __ _ \ \ \ \
( ( )\___ | '_ | '_| | '_ \/ _` | \ \ \ \
 \\/  ___)| |_)| | | | | || (_| |  ) ) ) )
  '  |____| .__|_| |_|_| |_\__, | / / / /
 =========|_|==============|___/=/_/_/_/
 :: Spring Boot ::        (v2.1.7.RELEASE)

2020-12-25 15:59:40.950  INFO 25279 --- [    Test worker] c.k.p.s.d.posts.PostsRepositoryTest      : Starting PostsRepositoryTest on KangBadas-MacBook-Pro-15.local with PID 25279 (started by KangBada in /Users/KangBada/IdeaProjects/springboot-webservice)
2020-12-25 15:59:40.950  INFO 25279 --- [    Test worker] c.k.p.s.d.posts.PostsRepositoryTest      : No active profile set, falling back to default profiles: default
2020-12-25 15:59:41.165  INFO 25279 --- [    Test worker] .s.d.r.c.RepositoryConfigurationDelegate : Bootstrapping Spring Data repositories in DEFAULT mode.
2020-12-25 15:59:41.187  INFO 25279 --- [    Test worker] .s.d.r.c.RepositoryConfigurationDelegate : Finished Spring Data repository scanning in 22ms. Found 2 repository interfaces.
2020-12-25 15:59:41.303  INFO 25279 --- [    Test worker] trationDelegate$BeanPostProcessorChecker : Bean 'org.springframework.transaction.annotation.ProxyTransactionManagementConfiguration' of type [org.springframework.transaction.annotation.ProxyTransactionManagementConfiguration$$EnhancerBySpringCGLIB$$8dc57b9c] is not eligible for getting processed by all BeanPostProcessors (for example: not eligible for auto-proxying)
2020-12-25 15:59:41.417  INFO 25279 --- [    Test worker] com.zaxxer.hikari.HikariDataSource       : HikariPool-2 - Starting...
2020-12-25 15:59:41.418  INFO 25279 --- [    Test worker] com.zaxxer.hikari.HikariDataSource       : HikariPool-2 - Start completed.
2020-12-25 15:59:41.442  INFO 25279 --- [    Test worker] o.hibernate.jpa.internal.util.LogHelper  : HHH000204: Processing PersistenceUnitInfo [
	name: default
	...]
2020-12-25 15:59:41.451  INFO 25279 --- [    Test worker] org.hibernate.dialect.Dialect            : HHH000400: Using dialect: org.hibernate.dialect.MySQL5InnoDBDialect
Hibernate: drop table if exists posts
Hibernate: drop table if exists user
Hibernate: create table posts (id bigint not null auto_increment, created_date datetime, modified_date datetime, author varchar(255), content TEXT not null, title varchar(500) not null, primary key (id)) engine=InnoDB
Hibernate: create table user (id bigint not null auto_increment, created_date datetime, modified_date datetime, email varchar(255) not null, name varchar(255) not null, picture varchar(255), role varchar(255) not null, primary key (id)) engine=InnoDB
2020-12-25 15:59:41.509  INFO 25279 --- [    Test worker] o.h.t.schema.internal.SchemaCreatorImpl  : HHH000476: Executing import script 'org.hibernate.tool.schema.internal.exec.ScriptSourceInputNonExistentImpl@2ec3b27d'
2020-12-25 15:59:41.510  INFO 25279 --- [    Test worker] j.LocalContainerEntityManagerFactoryBean : Initialized JPA EntityManagerFactory for persistence unit 'default'
2020-12-25 15:59:41.741  INFO 25279 --- [    Test worker] o.h.h.i.QueryTranslatorFactoryInitiator  : HHH000397: Using ASTQueryTranslatorFactory
2020-12-25 15:59:41.886  INFO 25279 --- [    Test worker] o.s.s.web.DefaultSecurityFilterChain     : Creating filter chain: any request, [org.springframework.security.web.context.request.async.WebAsyncManagerIntegrationFilter@2af4ae22, org.springframework.security.web.context.SecurityContextPersistenceFilter@750ea94f, org.springframework.security.web.header.HeaderWriterFilter@6523f09, org.springframework.security.web.authentication.logout.LogoutFilter@1c3d68f, org.springframework.security.oauth2.client.web.OAuth2AuthorizationRequestRedirectFilter@530ed9d9, org.springframework.security.oauth2.client.web.OAuth2LoginAuthenticationFilter@2e470627, org.springframework.security.web.authentication.ui.DefaultLoginPageGeneratingFilter@1874321, org.springframework.security.web.authentication.ui.DefaultLogoutPageGeneratingFilter@5c8b9de9, org.springframework.security.web.savedrequest.RequestCacheAwareFilter@668c373b, org.springframework.security.web.servletapi.SecurityContextHolderAwareRequestFilter@71b1f694, org.springframework.security.web.authentication.AnonymousAuthenticationFilter@796e47b0, org.springframework.security.web.session.SessionManagementFilter@182d0d7e, org.springframework.security.web.access.ExceptionTranslationFilter@4a1b2154, org.springframework.security.web.access.intercept.FilterSecurityInterceptor@55746faa]
2020-12-25 15:59:42.168  INFO 25279 --- [    Test worker] o.s.s.concurrent.ThreadPoolTaskExecutor  : Initializing ExecutorService 'applicationTaskExecutor'
2020-12-25 15:59:42.181  WARN 25279 --- [    Test worker] aWebConfiguration$JpaWebMvcConfiguration : spring.jpa.open-in-view is enabled by default. Therefore, database queries may be performed during view rendering. Explicitly configure spring.jpa.open-in-view to disable this warning
2020-12-25 15:59:42.208  INFO 25279 --- [    Test worker] o.s.b.a.w.s.WelcomePageHandlerMapping    : Adding welcome page template: index
2020-12-25 15:59:42.557  INFO 25279 --- [    Test worker] s.a.ScheduledAnnotationBeanPostProcessor : No TaskScheduler/ScheduledExecutorService bean found for scheduled processing
2020-12-25 15:59:42.559  INFO 25279 --- [    Test worker] c.k.p.s.d.posts.PostsRepositoryTest      : Started PostsRepositoryTest in 1.631 seconds (JVM running for 12.934)
Hibernate: insert into posts (created_date, modified_date, author, content, title) values (?, ?, ?, ?, ?)
Hibernate: select posts0_.id as id1_0_, posts0_.created_date as created_2_0_, posts0_.modified_date as modified3_0_, posts0_.author as author4_0_, posts0_.content as content5_0_, posts0_.title as title6_0_ from posts posts0_
Hibernate: select posts0_.id as id1_0_, posts0_.created_date as created_2_0_, posts0_.modified_date as modified3_0_, posts0_.author as author4_0_, posts0_.content as content5_0_, posts0_.title as title6_0_ from posts posts0_
Hibernate: delete from posts where id=?
Hibernate: insert into posts (created_date, modified_date, author, content, title) values (?, ?, ?, ?, ?)
Hibernate: select posts0_.id as id1_0_, posts0_.created_date as created_2_0_, posts0_.modified_date as modified3_0_, posts0_.author as author4_0_, posts0_.content as content5_0_, posts0_.title as title6_0_ from posts posts0_
>>>>>>>>> createDate=2020-12-25T15:59:42.593, modifiedDate=2020-12-25T15:59:42.593
Hibernate: select posts0_.id as id1_0_, posts0_.created_date as created_2_0_, posts0_.modified_date as modified3_0_, posts0_.author as author4_0_, posts0_.content as content5_0_, posts0_.title as title6_0_ from posts posts0_
Hibernate: delete from posts where id=?
]]></system-out>
  <system-err><![CDATA[]]></system-err>
</testsuite>
