<?xml version="1.0" encoding="UTF-8"?>
<testsuite name="com.kangbada.practice.springboot.web.IndexControllerTest" tests="1" skipped="0" failures="0" errors="0" timestamp="2020-12-23T13:12:27" hostname="KangBadas-MacBook-Pro-15.local" time="0.454">
  <properties/>
  <testcase name="메인페이지_로딩" classname="com.kangbada.practice.springboot.web.IndexControllerTest" time="0.454"/>
  <system-out><![CDATA[22:12:19.977 [Test worker] DEBUG org.springframework.test.context.junit4.SpringJUnit4ClassRunner - SpringJUnit4ClassRunner constructor called with [class com.kangbada.practice.springboot.web.IndexControllerTest]
22:12:19.986 [Test worker] DEBUG org.springframework.test.context.BootstrapUtils - Instantiating CacheAwareContextLoaderDelegate from class [org.springframework.test.context.cache.DefaultCacheAwareContextLoaderDelegate]
22:12:19.996 [Test worker] DEBUG org.springframework.test.context.BootstrapUtils - Instantiating BootstrapContext using constructor [public org.springframework.test.context.support.DefaultBootstrapContext(java.lang.Class,org.springframework.test.context.CacheAwareContextLoaderDelegate)]
22:12:20.015 [Test worker] DEBUG org.springframework.test.context.BootstrapUtils - Instantiating TestContextBootstrapper for test class [com.kangbada.practice.springboot.web.IndexControllerTest] from class [org.springframework.boot.test.context.SpringBootTestContextBootstrapper]
22:12:20.027 [Test worker] INFO org.springframework.boot.test.context.SpringBootTestContextBootstrapper - Neither @ContextConfiguration nor @ContextHierarchy found for test class [com.kangbada.practice.springboot.web.IndexControllerTest], using SpringBootContextLoader
22:12:20.029 [Test worker] DEBUG org.springframework.test.context.support.AbstractContextLoader - Did not detect default resource location for test class [com.kangbada.practice.springboot.web.IndexControllerTest]: class path resource [com/kangbada/practice/springboot/web/IndexControllerTest-context.xml] does not exist
22:12:20.030 [Test worker] DEBUG org.springframework.test.context.support.AbstractContextLoader - Did not detect default resource location for test class [com.kangbada.practice.springboot.web.IndexControllerTest]: class path resource [com/kangbada/practice/springboot/web/IndexControllerTestContext.groovy] does not exist
22:12:20.030 [Test worker] INFO org.springframework.test.context.support.AbstractContextLoader - Could not detect default resource locations for test class [com.kangbada.practice.springboot.web.IndexControllerTest]: no resource found for suffixes {-context.xml, Context.groovy}.
22:12:20.031 [Test worker] INFO org.springframework.test.context.support.AnnotationConfigContextLoaderUtils - Could not detect default configuration classes for test class [com.kangbada.practice.springboot.web.IndexControllerTest]: IndexControllerTest does not declare any static, non-private, non-final, nested classes annotated with @Configuration.
22:12:20.068 [Test worker] DEBUG org.springframework.test.context.support.ActiveProfilesUtils - Could not find an 'annotation declaring class' for annotation type [org.springframework.test.context.ActiveProfiles] and class [com.kangbada.practice.springboot.web.IndexControllerTest]
22:12:20.183 [Test worker] DEBUG org.springframework.context.annotation.ClassPathScanningCandidateComponentProvider - Identified candidate component class: file [/Users/KangBada/IdeaProjects/springboot-webservice/build/classes/java/main/com/kangbada/practice/springboot/Application.class]
22:12:20.184 [Test worker] INFO org.springframework.boot.test.context.SpringBootTestContextBootstrapper - Found @SpringBootConfiguration com.kangbada.practice.springboot.Application for test class com.kangbada.practice.springboot.web.IndexControllerTest
22:12:20.298 [Test worker] DEBUG org.springframework.boot.test.context.SpringBootTestContextBootstrapper - @TestExecutionListeners is not present for class [com.kangbada.practice.springboot.web.IndexControllerTest]: using defaults.
22:12:20.299 [Test worker] INFO org.springframework.boot.test.context.SpringBootTestContextBootstrapper - Loaded default TestExecutionListener class names from location [META-INF/spring.factories]: [org.springframework.security.test.context.support.WithSecurityContextTestExecutionListener, org.springframework.security.test.context.support.ReactorContextTestExecutionListener, org.springframework.boot.test.autoconfigure.restdocs.RestDocsTestExecutionListener, org.springframework.boot.test.autoconfigure.web.client.MockRestServiceServerResetTestExecutionListener, org.springframework.boot.test.autoconfigure.web.servlet.MockMvcPrintOnlyOnFailureTestExecutionListener, org.springframework.boot.test.autoconfigure.web.servlet.WebDriverTestExecutionListener, org.springframework.boot.test.mock.mockito.MockitoTestExecutionListener, org.springframework.boot.test.mock.mockito.ResetMocksTestExecutionListener, org.springframework.test.context.web.ServletTestExecutionListener, org.springframework.test.context.support.DirtiesContextBeforeModesTestExecutionListener, org.springframework.test.context.support.DependencyInjectionTestExecutionListener, org.springframework.test.context.support.DirtiesContextTestExecutionListener, org.springframework.test.context.transaction.TransactionalTestExecutionListener, org.springframework.test.context.jdbc.SqlScriptsTestExecutionListener]
22:12:20.318 [Test worker] INFO org.springframework.boot.test.context.SpringBootTestContextBootstrapper - Using TestExecutionListeners: [org.springframework.test.context.web.ServletTestExecutionListener@f2161e6, org.springframework.test.context.support.DirtiesContextBeforeModesTestExecutionListener@17b1a1f7, org.springframework.boot.test.mock.mockito.MockitoTestExecutionListener@59fc035b, org.springframework.boot.test.autoconfigure.SpringBootDependencyInjectionTestExecutionListener@25f50d51, org.springframework.test.context.support.DirtiesContextTestExecutionListener@215f7658, org.springframework.test.context.transaction.TransactionalTestExecutionListener@3b7bc59d, org.springframework.test.context.jdbc.SqlScriptsTestExecutionListener@2a4ff72, org.springframework.security.test.context.support.WithSecurityContextTestExecutionListener@fb6e5f2, org.springframework.security.test.context.support.ReactorContextTestExecutionListener@5501afea, org.springframework.boot.test.autoconfigure.restdocs.RestDocsTestExecutionListener@30b3cffa, org.springframework.boot.test.autoconfigure.web.client.MockRestServiceServerResetTestExecutionListener@15c9f9f1, org.springframework.boot.test.autoconfigure.web.servlet.MockMvcPrintOnlyOnFailureTestExecutionListener@2d6817cf, org.springframework.boot.test.autoconfigure.web.servlet.WebDriverTestExecutionListener@75ce9377, org.springframework.boot.test.mock.mockito.ResetMocksTestExecutionListener@5bac5e2b]
22:12:20.320 [Test worker] DEBUG org.springframework.test.annotation.ProfileValueUtils - Retrieved @ProfileValueSourceConfiguration [null] for test class [com.kangbada.practice.springboot.web.IndexControllerTest]
22:12:20.321 [Test worker] DEBUG org.springframework.test.annotation.ProfileValueUtils - Retrieved ProfileValueSource type [class org.springframework.test.annotation.SystemProfileValueSource] for class [com.kangbada.practice.springboot.web.IndexControllerTest]
22:12:20.321 [Test worker] DEBUG org.springframework.test.annotation.ProfileValueUtils - Retrieved @ProfileValueSourceConfiguration [null] for test class [com.kangbada.practice.springboot.web.IndexControllerTest]
22:12:20.322 [Test worker] DEBUG org.springframework.test.annotation.ProfileValueUtils - Retrieved ProfileValueSource type [class org.springframework.test.annotation.SystemProfileValueSource] for class [com.kangbada.practice.springboot.web.IndexControllerTest]
22:12:20.327 [Test worker] DEBUG org.springframework.test.context.support.AbstractDirtiesContextTestExecutionListener - Before test class: context [DefaultTestContext@159bf562 testClass = IndexControllerTest, testInstance = [null], testMethod = [null], testException = [null], mergedContextConfiguration = [WebMergedContextConfiguration@3882ed40 testClass = IndexControllerTest, locations = '{}', classes = '{class com.kangbada.practice.springboot.Application}', contextInitializerClasses = '[]', activeProfiles = '{}', propertySourceLocations = '{}', propertySourceProperties = '{org.springframework.boot.test.context.SpringBootTestContextBootstrapper=true, server.port=0}', contextCustomizers = set[org.springframework.boot.test.autoconfigure.properties.PropertyMappingContextCustomizer@0, org.springframework.boot.test.autoconfigure.web.servlet.WebDriverContextCustomizerFactory$Customizer@c2c1696, org.springframework.boot.test.context.filter.ExcludeFilterContextCustomizer@1888da6c, org.springframework.boot.test.json.DuplicateJsonObjectContextCustomizerFactory$DuplicateJsonObjectContextCustomizer@40ff62bf, org.springframework.boot.test.mock.mockito.MockitoContextCustomizer@0, org.springframework.boot.test.web.client.TestRestTemplateContextCustomizer@10751094], resourceBasePath = 'src/main/webapp', contextLoader = 'org.springframework.boot.test.context.SpringBootContextLoader', parent = [null]], attributes = map['org.springframework.test.context.web.ServletTestExecutionListener.activateListener' -> false]], class annotated with @DirtiesContext [false] with mode [null].
22:12:20.327 [Test worker] DEBUG org.springframework.test.annotation.ProfileValueUtils - Retrieved @ProfileValueSourceConfiguration [null] for test class [com.kangbada.practice.springboot.web.IndexControllerTest]
22:12:20.327 [Test worker] DEBUG org.springframework.test.annotation.ProfileValueUtils - Retrieved ProfileValueSource type [class org.springframework.test.annotation.SystemProfileValueSource] for class [com.kangbada.practice.springboot.web.IndexControllerTest]
22:12:20.331 [Test worker] DEBUG org.springframework.test.context.support.DependencyInjectionTestExecutionListener - Performing dependency injection for test context [[DefaultTestContext@159bf562 testClass = IndexControllerTest, testInstance = com.kangbada.practice.springboot.web.IndexControllerTest@6308c165, testMethod = [null], testException = [null], mergedContextConfiguration = [WebMergedContextConfiguration@3882ed40 testClass = IndexControllerTest, locations = '{}', classes = '{class com.kangbada.practice.springboot.Application}', contextInitializerClasses = '[]', activeProfiles = '{}', propertySourceLocations = '{}', propertySourceProperties = '{org.springframework.boot.test.context.SpringBootTestContextBootstrapper=true, server.port=0}', contextCustomizers = set[org.springframework.boot.test.autoconfigure.properties.PropertyMappingContextCustomizer@0, org.springframework.boot.test.autoconfigure.web.servlet.WebDriverContextCustomizerFactory$Customizer@c2c1696, org.springframework.boot.test.context.filter.ExcludeFilterContextCustomizer@1888da6c, org.springframework.boot.test.json.DuplicateJsonObjectContextCustomizerFactory$DuplicateJsonObjectContextCustomizer@40ff62bf, org.springframework.boot.test.mock.mockito.MockitoContextCustomizer@0, org.springframework.boot.test.web.client.TestRestTemplateContextCustomizer@10751094], resourceBasePath = 'src/main/webapp', contextLoader = 'org.springframework.boot.test.context.SpringBootContextLoader', parent = [null]], attributes = map['org.springframework.test.context.web.ServletTestExecutionListener.activateListener' -> false]]].
22:12:20.349 [Test worker] DEBUG org.springframework.test.context.support.TestPropertySourceUtils - Adding inlined properties to environment: {spring.jmx.enabled=false, org.springframework.boot.test.context.SpringBootTestContextBootstrapper=true, server.port=0}

  .   ____          _            __ _ _
 /\\ / ___'_ __ _ _(_)_ __  __ _ \ \ \ \
( ( )\___ | '_ | '_| | '_ \/ _` | \ \ \ \
 \\/  ___)| |_)| | | | | || (_| |  ) ) ) )
  '  |____| .__|_| |_|_| |_\__, | / / / /
 =========|_|==============|___/=/_/_/_/
 :: Spring Boot ::        (v2.1.7.RELEASE)

2020-12-23 22:12:20.906  INFO 10825 --- [    Test worker] c.k.p.s.web.IndexControllerTest          : Starting IndexControllerTest on KangBadas-MacBook-Pro-15.local with PID 10825 (started by KangBada in /Users/KangBada/IdeaProjects/springboot-webservice)
2020-12-23 22:12:20.908  INFO 10825 --- [    Test worker] c.k.p.s.web.IndexControllerTest          : No active profile set, falling back to default profiles: default
2020-12-23 22:12:21.692  INFO 10825 --- [    Test worker] .s.d.r.c.RepositoryConfigurationDelegate : Bootstrapping Spring Data repositories in DEFAULT mode.
2020-12-23 22:12:21.781  INFO 10825 --- [    Test worker] .s.d.r.c.RepositoryConfigurationDelegate : Finished Spring Data repository scanning in 78ms. Found 2 repository interfaces.
2020-12-23 22:12:22.325  INFO 10825 --- [    Test worker] trationDelegate$BeanPostProcessorChecker : Bean 'org.springframework.transaction.annotation.ProxyTransactionManagementConfiguration' of type [org.springframework.transaction.annotation.ProxyTransactionManagementConfiguration$$EnhancerBySpringCGLIB$$a9d673c] is not eligible for getting processed by all BeanPostProcessors (for example: not eligible for auto-proxying)
2020-12-23 22:12:22.774  INFO 10825 --- [    Test worker] o.s.b.w.embedded.tomcat.TomcatWebServer  : Tomcat initialized with port(s): 0 (http)
2020-12-23 22:12:22.804  INFO 10825 --- [    Test worker] o.apache.catalina.core.StandardService   : Starting service [Tomcat]
2020-12-23 22:12:22.805  INFO 10825 --- [    Test worker] org.apache.catalina.core.StandardEngine  : Starting Servlet engine: [Apache Tomcat/9.0.22]
2020-12-23 22:12:22.933  INFO 10825 --- [    Test worker] o.a.c.c.C.[Tomcat].[localhost].[/]       : Initializing Spring embedded WebApplicationContext
2020-12-23 22:12:22.933  INFO 10825 --- [    Test worker] o.s.web.context.ContextLoader            : Root WebApplicationContext: initialization completed in 2004 ms
2020-12-23 22:12:23.249  INFO 10825 --- [    Test worker] com.zaxxer.hikari.HikariDataSource       : HikariPool-1 - Starting...
2020-12-23 22:12:23.460  INFO 10825 --- [    Test worker] com.zaxxer.hikari.HikariDataSource       : HikariPool-1 - Start completed.
2020-12-23 22:12:23.590  INFO 10825 --- [    Test worker] o.hibernate.jpa.internal.util.LogHelper  : HHH000204: Processing PersistenceUnitInfo [
	name: default
	...]
2020-12-23 22:12:23.686  INFO 10825 --- [    Test worker] org.hibernate.Version                    : HHH000412: Hibernate Core {5.3.10.Final}
2020-12-23 22:12:23.688  INFO 10825 --- [    Test worker] org.hibernate.cfg.Environment            : HHH000206: hibernate.properties not found
2020-12-23 22:12:23.849  INFO 10825 --- [    Test worker] o.hibernate.annotations.common.Version   : HCANN000001: Hibernate Commons Annotations {5.0.4.Final}
2020-12-23 22:12:24.009  INFO 10825 --- [    Test worker] org.hibernate.dialect.Dialect            : HHH000400: Using dialect: org.hibernate.dialect.MySQL5InnoDBDialect
Hibernate: drop table if exists posts
Hibernate: drop table if exists user
Hibernate: create table posts (id bigint not null auto_increment, created_date datetime, modified_date datetime, author varchar(255), content TEXT not null, title varchar(500) not null, primary key (id)) engine=InnoDB
Hibernate: create table user (id bigint not null auto_increment, created_date datetime, modified_date datetime, email varchar(255) not null, name varchar(255) not null, picture varchar(255), role varchar(255) not null, primary key (id)) engine=InnoDB
2020-12-23 22:12:24.716  INFO 10825 --- [    Test worker] o.h.t.schema.internal.SchemaCreatorImpl  : HHH000476: Executing import script 'org.hibernate.tool.schema.internal.exec.ScriptSourceInputNonExistentImpl@5189cb6a'
2020-12-23 22:12:24.719  INFO 10825 --- [    Test worker] j.LocalContainerEntityManagerFactoryBean : Initialized JPA EntityManagerFactory for persistence unit 'default'
2020-12-23 22:12:25.694  INFO 10825 --- [    Test worker] o.h.h.i.QueryTranslatorFactoryInitiator  : HHH000397: Using ASTQueryTranslatorFactory
2020-12-23 22:12:26.208  INFO 10825 --- [    Test worker] o.s.s.web.DefaultSecurityFilterChain     : Creating filter chain: any request, [org.springframework.security.web.context.request.async.WebAsyncManagerIntegrationFilter@33826696, org.springframework.security.web.context.SecurityContextPersistenceFilter@7674f7a3, org.springframework.security.web.header.HeaderWriterFilter@6ec3c5be, org.springframework.security.web.authentication.logout.LogoutFilter@70e50bd9, org.springframework.security.oauth2.client.web.OAuth2AuthorizationRequestRedirectFilter@6ec65cdb, org.springframework.security.oauth2.client.web.OAuth2LoginAuthenticationFilter@26cdddbb, org.springframework.security.web.authentication.ui.DefaultLoginPageGeneratingFilter@199c0e4a, org.springframework.security.web.authentication.ui.DefaultLogoutPageGeneratingFilter@3a93d1ef, org.springframework.security.web.savedrequest.RequestCacheAwareFilter@77eddb7, org.springframework.security.web.servletapi.SecurityContextHolderAwareRequestFilter@5e02c451, org.springframework.security.web.authentication.AnonymousAuthenticationFilter@528d6f97, org.springframework.security.web.session.SessionManagementFilter@1421c63b, org.springframework.security.web.access.ExceptionTranslationFilter@567aeef, org.springframework.security.web.access.intercept.FilterSecurityInterceptor@478cbcf0]
2020-12-23 22:12:26.604  INFO 10825 --- [    Test worker] o.s.s.concurrent.ThreadPoolTaskExecutor  : Initializing ExecutorService 'applicationTaskExecutor'
2020-12-23 22:12:26.675  WARN 10825 --- [    Test worker] aWebConfiguration$JpaWebMvcConfiguration : spring.jpa.open-in-view is enabled by default. Therefore, database queries may be performed during view rendering. Explicitly configure spring.jpa.open-in-view to disable this warning
2020-12-23 22:12:26.746  INFO 10825 --- [    Test worker] o.s.b.a.w.s.WelcomePageHandlerMapping    : Adding welcome page template: index
2020-12-23 22:12:27.232  INFO 10825 --- [    Test worker] s.a.ScheduledAnnotationBeanPostProcessor : No TaskScheduler/ScheduledExecutorService bean found for scheduled processing
2020-12-23 22:12:27.271  INFO 10825 --- [    Test worker] o.s.b.w.embedded.tomcat.TomcatWebServer  : Tomcat started on port(s): 63223 (http) with context path ''
2020-12-23 22:12:27.275  INFO 10825 --- [    Test worker] c.k.p.s.web.IndexControllerTest          : Started IndexControllerTest in 6.924 seconds (JVM running for 7.969)
2020-12-23 22:12:27.495  INFO 10825 --- [o-auto-1-exec-1] o.a.c.c.C.[Tomcat].[localhost].[/]       : Initializing Spring DispatcherServlet 'dispatcherServlet'
2020-12-23 22:12:27.495  INFO 10825 --- [o-auto-1-exec-1] o.s.web.servlet.DispatcherServlet        : Initializing Servlet 'dispatcherServlet'
2020-12-23 22:12:27.521  INFO 10825 --- [o-auto-1-exec-1] o.s.web.servlet.DispatcherServlet        : Completed initialization in 26 ms
Hibernate: select posts0_.id as id1_0_, posts0_.created_date as created_2_0_, posts0_.modified_date as modified3_0_, posts0_.author as author4_0_, posts0_.content as content5_0_, posts0_.title as title6_0_ from posts posts0_ order by posts0_.id DESC
]]></system-out>
  <system-err><![CDATA[]]></system-err>
</testsuite>
